25-09-12.10:02:31.014 [main            ] INFO  MarketTradeControllerTest - Starting MarketTradeControllerTest using Java 1.8.0_452 on DESKTOP-RG6DBR0 with PID 6996 (started by Kevin in E:\heima\ruoyi\group-buy-market\group-buy-market-app)
25-09-12.10:02:31.015 [main            ] INFO  MarketTradeControllerTest - The following 1 profile is active: "dev"
25-09-12.10:02:32.659 [main            ] INFO  RepositoryConfigurationDelegate - Multiple Spring Data modules found, entering strict repository configuration mode
25-09-12.10:02:32.663 [main            ] INFO  RepositoryConfigurationDelegate - Bootstrapping Spring Data Redis repositories in DEFAULT mode.
25-09-12.10:02:32.718 [main            ] INFO  RepositoryConfigurationDelegate - Finished Spring Data repository scanning in 34 ms. Found 0 Redis repository interfaces.
25-09-12.10:02:33.156 [main            ] INFO  PostProcessorRegistrationDelegate$BeanPostProcessorChecker - Bean 'redisClientConfig' of type [com.needyou.config.RedisClientConfig$$EnhancerBySpringCGLIB$$bd642ae5] is not eligible for getting processed by all BeanPostProcessors (for example: not eligible for auto-proxying)
25-09-12.10:02:33.526 [main            ] INFO  PostProcessorRegistrationDelegate$BeanPostProcessorChecker - Bean 'redis.sdk.config-com.needyou.config.RedisClientConfigProperties' of type [com.needyou.config.RedisClientConfigProperties] is not eligible for getting processed by all BeanPostProcessors (for example: not eligible for auto-proxying)
25-09-12.10:02:33.783 [main            ] INFO  Version                - Redisson 3.26.0
25-09-12.10:02:34.330 [redisson-netty-1-6] INFO  ConnectionsHolder      - 1 connections initialized for 117.72.177.93/117.72.177.93:16379
25-09-12.10:02:34.668 [redisson-netty-1-13] INFO  ConnectionsHolder      - 5 connections initialized for 117.72.177.93/117.72.177.93:16379
25-09-12.10:02:34.722 [main            ] INFO  PostProcessorRegistrationDelegate$BeanPostProcessorChecker - Bean 'redissonClient' of type [org.redisson.Redisson] is not eligible for getting processed by all BeanPostProcessors (for example: not eligible for auto-proxying)
25-09-12.10:02:37.682 [main            ] INFO  EndpointLinksResolver  - Exposing 1 endpoint(s) beneath base path '/actuator'
25-09-12.10:02:37.745 [main            ] INFO  MarketTradeControllerTest - Started MarketTradeControllerTest in 7.205 seconds (JVM running for 8.245)
25-09-12.10:02:38.170 [main            ] INFO  MarketTradeController  - 营销交易锁单:xiaofuge LockMarketPayOrderRequestDTO:{"activityId":100123,"channel":"c01","goodsId":"9890001","outTradeNo":"417534728225","source":"s01","teamId":"33063446","userId":"xiaofuge"}
25-09-12.10:02:38.170 [main            ] INFO  TradeOrderService      - 拼团交易-查询未支付营销订单:xiaofuge outTradeNo:417534728225
25-09-12.10:02:38.195 [main            ] INFO  HikariDataSource       - Retail_HikariCP - Starting...
25-09-12.10:02:39.801 [main            ] INFO  HikariDataSource       - Retail_HikariCP - Start completed.
25-09-12.10:02:39.897 [main            ] INFO  TradeOrderService      - 拼团交易-查询拼单进度:33063446
25-09-12.10:02:39.950 [main            ] INFO  MarketTradeController  - 交易锁单拦截-拼单目标已达成:xiaofuge 33063446
25-09-12.10:02:39.958 [main            ] INFO  MarketTradeControllerTest - 测试结果 req:{"activityId":100123,"channel":"c01","goodsId":"9890001","outTradeNo":"417534728225","source":"s01","teamId":"33063446","userId":"xiaofuge"} res:{"code":"E0006","info":"拼团组队完结，锁单量已达成"}
25-09-12.10:02:39.983 [SpringApplicationShutdownHook] INFO  HikariDataSource       - Retail_HikariCP - Shutdown initiated...
25-09-12.10:02:40.416 [SpringApplicationShutdownHook] INFO  HikariDataSource       - Retail_HikariCP - Shutdown completed.
